-------------------------------------------------------------------------------
      name:  <unnamed>
       log:  /Users/aborjon/Desktop/stats2/soc211/Research Assignment 5.log
  log type:  text
 opened on:  18 Apr 2024, 17:23:27
(-set more- irrelevant in this version of Stata)
educ     sex      race     coneduc

-------------------------------------------------------------------------------
educ                                           highest year of school completed
-------------------------------------------------------------------------------

                  Type: Numeric (byte)
                 Label: EDUC, but 20 nonmissing values are not labeled

                 Range: [0,20]                        Units: 1
         Unique values: 21                        Missing .: 0/3,544
       Unique mv codes: 1                        Missing .*: 20/3,544

              Examples: 12    
                        13    
                        15    
                        16    

-------------------------------------------------------------------------------
sex                                                             respondents sex
-------------------------------------------------------------------------------

                  Type: Numeric (byte)
                 Label: GENDER

                 Range: [1,2]                         Units: 1
         Unique values: 2                         Missing .: 0/3,544
       Unique mv codes: 3                        Missing .*: 20/3,544

            Tabulation: Freq.   Numeric  Label
                        1,627         1  male
                        1,897         2  female
                            8        .d  don't know
                            9        .n  no answer
                            3        .s  skipped on web

-------------------------------------------------------------------------------
race                                                         race of respondent
-------------------------------------------------------------------------------

                  Type: Numeric (byte)
                 Label: RACE

                 Range: [1,3]                         Units: 1
         Unique values: 3                         Missing .: 0/3,544
       Unique mv codes: 1                        Missing .*: 53/3,544

            Tabulation: Freq.   Numeric  Label
                        2,514         1  white
                          565         2  black
                          412         3  other
                           53        .i  iap

-------------------------------------------------------------------------------
coneduc                                                 confidence in education
-------------------------------------------------------------------------------

                  Type: Numeric (byte)
                 Label: INSTCONF

                 Range: [1,3]                         Units: 1
         Unique values: 3                         Missing .: 0/3,544
       Unique mv codes: 4                        Missing .*: 1,194/3,544

            Tabulation: Freq.   Numeric  Label
                          428         1  a great deal
                        1,355         2  only some
                          567         3  hardly any
                           12        .d  don't know
                        1,173        .i  iap
                            1        .n  no answer
                            8        .s  skipped on web

      confidence in education |      Freq.     Percent        Cum.
------------------------------+-----------------------------------
                 a great deal |        428       18.21       18.21
                    only some |      1,355       57.66       75.87
                   hardly any |        567       24.13      100.00
------------------------------+-----------------------------------
                        Total |      2,350      100.00

 confidence |
         in |
  education |      Freq.     Percent        Cum.
------------+-----------------------------------
          1 |        428       12.08       12.08
          2 |      1,355       38.23       50.31
          3 |        567       16.00       66.31
         .d |         12        0.34       66.65
         .i |      1,173       33.10       99.75
         .n |          1        0.03       99.77
         .s |          8        0.23      100.00
------------+-----------------------------------
      Total |      3,544      100.00
(1,194 observations deleted)
(0 real changes made)
(1,355 real changes made)
(567 real changes made)

        confidence in |       con_educ
            education |         0          1 |     Total
----------------------+----------------------+----------
         a great deal |         0        428 |       428 
            only some |     1,355          0 |     1,355 
           hardly any |       567          0 |       567 
----------------------+----------------------+----------
                Total |     1,922        428 |     2,350 

       highest year of school |
                    completed |      Freq.     Percent        Cum.
------------------------------+-----------------------------------
          no formal schooling |          3        0.13        0.13
                            1 |          1        0.04        0.17
                            2 |          3        0.13        0.30
                            3 |          6        0.26        0.56
                            4 |          6        0.26        0.81
                            5 |          4        0.17        0.98
                            6 |         17        0.73        1.71
                            7 |          8        0.34        2.05
                            8 |         21        0.90        2.95
                            9 |         38        1.63        4.58
                           10 |         55        2.35        6.93
                           11 |         79        3.38       10.31
                           12 |        624       26.69       37.00
                           13 |        183        7.83       44.82
                           14 |        324       13.86       58.68
                           15 |        120        5.13       63.82
                           16 |        450       19.25       83.06
                           17 |        108        4.62       87.68
                           18 |        134        5.73       93.41
                           19 |         59        2.52       95.94
                           20 |         95        4.06      100.00
------------------------------+-----------------------------------
                        Total |      2,338      100.00

           race of respondent |      Freq.     Percent        Cum.
------------------------------+-----------------------------------
                        white |      1,671       72.28       72.28
                        black |        364       15.74       88.02
                        other |        277       11.98      100.00
------------------------------+-----------------------------------
                        Total |      2,312      100.00

              respondents sex |      Freq.     Percent        Cum.
------------------------------+-----------------------------------
                         male |      1,050       44.95       44.95
                       female |      1,286       55.05      100.00
------------------------------+-----------------------------------
                        Total |      2,336      100.00

Confidence in |
    Education |      Freq.     Percent        Cum.
--------------+-----------------------------------
Not Confident |      1,922       81.79       81.79
    Confident |        428       18.21      100.00
--------------+-----------------------------------
        Total |      2,350      100.00

respondents |
        sex |      Freq.     Percent        Cum.
------------+-----------------------------------
          1 |      1,050       44.95       44.95
          2 |      1,286       55.05      100.00
------------+-----------------------------------
      Total |      2,336      100.00
(1,064 missing values generated)
(1,050 real changes made)

     female |      Freq.     Percent        Cum.
------------+-----------------------------------
          0 |      1,050       44.95       44.95
          1 |      1,286       55.05      100.00
------------+-----------------------------------
      Total |      2,336      100.00

 Identifies |
   as Woman |      Freq.     Percent        Cum.
------------+-----------------------------------
       Male |      1,050       44.95       44.95
      Woman |      1,286       55.05      100.00
------------+-----------------------------------
      Total |      2,336      100.00

respondents |
        sex |      Freq.     Percent        Cum.
------------+-----------------------------------
          1 |      1,050       44.95       44.95
          2 |      1,286       55.05      100.00
------------+-----------------------------------
      Total |      2,336      100.00
(1,300 missing values generated)
(1,286 real changes made)

       male |      Freq.     Percent        Cum.
------------+-----------------------------------
          0 |      1,286       55.05       55.05
          1 |      1,050       44.95      100.00
------------+-----------------------------------
      Total |      2,336      100.00

 Identifies |
     as Man |      Freq.     Percent        Cum.
------------+-----------------------------------
      Woman |      1,286       55.05       55.05
        Man |      1,050       44.95      100.00
------------+-----------------------------------
      Total |      2,336      100.00

       highest year of school |
                    completed |      Freq.     Percent        Cum.
------------------------------+-----------------------------------
          no formal schooling |          3        0.13        0.13
                            1 |          1        0.04        0.17
                            2 |          3        0.13        0.30
                            3 |          6        0.26        0.56
                            4 |          6        0.26        0.81
                            5 |          4        0.17        0.98
                            6 |         17        0.73        1.71
                            7 |          8        0.34        2.05
                            8 |         21        0.90        2.95
                            9 |         38        1.63        4.58
                           10 |         55        2.35        6.93
                           11 |         79        3.38       10.31
                           12 |        624       26.69       37.00
                           13 |        183        7.83       44.82
                           14 |        324       13.86       58.68
                           15 |        120        5.13       63.82
                           16 |        450       19.25       83.06
                           17 |        108        4.62       87.68
                           18 |        134        5.73       93.41
                           19 |         59        2.52       95.94
                           20 |         95        4.06      100.00
------------------------------+-----------------------------------
                        Total |      2,338      100.00

    race of |
 respondent |      Freq.     Percent        Cum.
------------+-----------------------------------
          1 |      1,671       72.28       72.28
          2 |        364       15.74       88.02
          3 |        277       11.98      100.00
------------+-----------------------------------
      Total |      2,312      100.00
(2,350 missing values generated)
(1,671 real changes made)
(641 real changes made)

      white |      Freq.     Percent        Cum.
------------+-----------------------------------
          0 |        641       27.72       27.72
          1 |      1,671       72.28      100.00
------------+-----------------------------------
      Total |      2,312      100.00
(12 missing values generated)
(858 real changes made)
(1,489 real changes made)

    College Degree |
            Status |      Freq.     Percent        Cum.
-------------------+-----------------------------------
 No College Degree |      1,492       63.49       63.49
Has College Degree |        858       36.51      100.00
-------------------+-----------------------------------
             Total |      2,350      100.00
variable college_degree already defined
r(110);

Confidence in |
    Education |      Freq.     Percent        Cum.
--------------+-----------------------------------
Not Confident |      1,922       81.79       81.79
    Confident |        428       18.21      100.00
--------------+-----------------------------------
        Total |      2,350      100.00

Linear regression                               Number of obs     =      2,300
                                                F(4, 2295)        =       5.59
                                                Prob > F          =     0.0002
                                                R-squared         =     0.0110
                                                Root MSE          =     .38248

------------------------------------------------------------------------------
             |               Robust
    con_educ | Coefficient  std. err.      t    P>|t|     [95% conf. interval]
-------------+----------------------------------------------------------------
        male |
        Man  |  -.0056831   .0160356    -0.35   0.723    -.0371289    .0257627
             |
        race |
      black  |   .0883008   .0242696     3.64   0.000     .0407082    .1358933
      other  |   .0921023   .0276927     3.33   0.001      .037797    .1464076
             |
college_de~e |
Has Colle..  |   .0092371   .0166156     0.56   0.578    -.0233461    .0418203
       _cons |   .1544374   .0132707    11.64   0.000     .1284135    .1804613
------------------------------------------------------------------------------
(est1 stored)

Linear regression                               Number of obs     =      2,300
                                                F(3, 2296)        =       7.45
                                                Prob > F          =     0.0001
                                                R-squared         =     0.0110
                                                Root MSE          =      .3824

------------------------------------------------------------------------------
             |               Robust
    con_educ | Coefficient  std. err.      t    P>|t|     [95% conf. interval]
-------------+----------------------------------------------------------------
        male |
        Man  |  -.0055956   .0160254    -0.35   0.727    -.0370214    .0258302
             |
       white |
      White  |  -.0899419   .0192692    -4.67   0.000    -.1277288   -.0521549
             |
college_de~e |
Has Colle..  |   .0093363   .0166173     0.56   0.574    -.0232502    .0419228
       _cons |   .2442998   .0193322    12.64   0.000     .2063893    .2822103
------------------------------------------------------------------------------
(est2 stored)

Iteration 0:  Log pseudolikelihood =  -1084.205  
Iteration 1:  Log pseudolikelihood = -1072.2668  
Iteration 2:  Log pseudolikelihood = -1072.1098  
Iteration 3:  Log pseudolikelihood = -1072.1098  

Logistic regression                                     Number of obs =  2,300
                                                        Wald chi2(3)  =  25.31
                                                        Prob > chi2   = 0.0000
Log pseudolikelihood = -1072.1098                       Pseudo R2     = 0.0112

------------------------------------------------------------------------------
             |               Robust
    con_educ | Coefficient  std. err.      z    P>|z|     [95% conf. interval]
-------------+----------------------------------------------------------------
        male |
        Man  |  -.0384854   .1102458    -0.35   0.727    -.2545632    .1775924
             |
       white |
      White  |  -.5701247   .1146027    -4.97   0.000    -.7947419   -.3455074
             |
college_de~e |
Has Colle..  |   .0641444   .1134417     0.57   0.572    -.1581973    .2864861
       _cons |   -1.13038   .1108986   -10.19   0.000    -1.347737   -.9130222
------------------------------------------------------------------------------
(est3 stored)

Conditional marginal effects                             Number of obs = 2,300
Model VCE: Robust

Expression: Pr(con_educ), predict()
dy/dx wrt:  1.male 1.white 1.college_degree
At: 0.male           = .5486957 (mean)
    1.male           = .4513043 (mean)
    0.white          = .2752174 (mean)
    1.white          = .7247826 (mean)
    0.college_degree = .6343478 (mean)
    1.college_degree = .3656522 (mean)

------------------------------------------------------------------------------
             |            Delta-method
             |      dy/dx   std. err.      z    P>|z|     [95% conf. interval]
-------------+----------------------------------------------------------------
        male |
        Man  |  -.0055969   .0160122    -0.35   0.727    -.0369803    .0257865
             |
       white |
      White  |  -.0900201   .0192898    -4.67   0.000    -.1278273   -.0522128
             |
college_de~e |
Has Colle..  |    .009392   .0167058     0.56   0.574    -.0233508    .0421348
------------------------------------------------------------------------------
Note: dy/dx for factor levels is the discrete change from the base level.
(est4 stored)

Unexpontiated Coefficients
-------------------------------------------------------------------------------
> -
                      (1)              (2)              (3)              (4)   
>  
                      OLS     MLE / logi~c     MLE margin~s             est4   
>  
-------------------------------------------------------------------------------
> -
main                                                                           
>  
1.male              -0.01            -0.01            -0.04            -0.01   
>  
                   (0.02)           (0.02)           (0.11)           (0.02)   
>  
1.college_~e         0.01             0.01             0.06             0.01   
>  
                   (0.02)           (0.02)           (0.11)           (0.02)   
>  
1.white                              -0.09 ***        -0.57 ***        -0.09 **
> *
                                    (0.02)           (0.11)           (0.02)   
>  
_cons                0.15 ***         0.24 ***        -1.13 ***                
>  
                   (0.01)           (0.02)           (0.11)                    
>  
-------------------------------------------------------------------------------
> -
N                    2300             2300             2300             2300   
>  
-------------------------------------------------------------------------------
> -
^ p<.1, * p<.05, ** p<.01, *** p<.001

Odds Ratio
-------------------------------------------------------------------------------
> -
                      (1)              (2)              (3)              (4)   
>  
                      OLS     MLE / logi~c     MLE margin~s             est4   
>  
-------------------------------------------------------------------------------
> -
main                                                                           
>  
1.male               0.99             0.99             0.96             0.99   
>  
                   (0.02)           (0.02)           (0.11)           (0.02)   
>  
1.college_~e         1.01             1.01             1.07             1.01   
>  
                   (0.02)           (0.02)           (0.12)           (0.02)   
>  
1.white                               0.91 ***         0.57 ***         0.91 **
> *
                                    (0.02)           (0.06)           (0.02)   
>  
-------------------------------------------------------------------------------
> -
N                    2300             2300             2300             2300   
>  
-------------------------------------------------------------------------------
> -
Exponentiated coefficients
^ p<.1, * p<.05, ** p<.01, *** p<.001

Odds Ratio
-------------------------------------------------------------------------------
> -
                      (1)              (2)              (3)              (4)   
>  
                      OLS     MLE / logi~c     MLE margin~s             est4   
>  
-------------------------------------------------------------------------------
> -
main                                                                           
>  
1.male               0.99             0.99             0.96             0.99   
>  
                   (0.02)           (0.02)           (0.11)           (0.02)   
>  
1.college_~e         1.01             1.01             1.07             1.01   
>  
                   (0.02)           (0.02)           (0.12)           (0.02)   
>  
1.white                               0.91 ***         0.57 ***         0.91 **
> *
                                    (0.02)           (0.06)           (0.02)   
>  
-------------------------------------------------------------------------------
> -
N                    2300             2300             2300             2300   
>  
-------------------------------------------------------------------------------
> -
Exponentiated coefficients
^ p<.1, * p<.05, ** p<.01, *** p<.001
coefficient white not found
r(111);

Unexpontiated Coefficients
-------------------------------------------------------------------------------
> -
                      (1)              (2)              (3)              (4)   
>  
                      OLS     MLE / logi~c     MLE margin~s             est4   
>  
-------------------------------------------------------------------------------
> -
main                                                                           
>  
1.male              -0.01            -0.01            -0.04            -0.01   
>  
                   (0.02)           (0.02)           (0.11)           (0.02)   
>  
1.college_~e         0.01             0.01             0.06             0.01   
>  
                   (0.02)           (0.02)           (0.11)           (0.02)   
>  
1.white                              -0.09 ***        -0.57 ***        -0.09 **
> *
                                    (0.02)           (0.11)           (0.02)   
>  
_cons                0.15 ***         0.24 ***        -1.13 ***                
>  
                   (0.01)           (0.02)           (0.11)                    
>  
-------------------------------------------------------------------------------
> -
N                    2300             2300             2300             2300   
>  
-------------------------------------------------------------------------------
> -
^ p<.1, * p<.05, ** p<.01, *** p<.001
coefficient 1.con_educ not found
r(111);
coefficient con_educ not found
r(111);

Unexpontiated Coefficients
-------------------------------------------------------------------------------
> -
                      (1)              (2)              (3)              (4)   
>  
                      OLS     MLE / logi~c     MLE margin~s             est4   
>  
-------------------------------------------------------------------------------
> -
main                                                                           
>  
1.male              -0.01            -0.01            -0.04            -0.01   
>  
                   (0.02)           (0.02)           (0.11)           (0.02)   
>  
1.college_~e         0.01             0.01             0.06             0.01   
>  
                   (0.02)           (0.02)           (0.11)           (0.02)   
>  
1.white                              -0.09 ***        -0.57 ***        -0.09 **
> *
                                    (0.02)           (0.11)           (0.02)   
>  
_cons                0.15 ***         0.24 ***        -1.13 ***                
>  
                   (0.01)           (0.02)           (0.11)                    
>  
-------------------------------------------------------------------------------
> -
N                    2300             2300             2300             2300   
>  
-------------------------------------------------------------------------------
> -
^ p<.1, * p<.05, ** p<.01, *** p<.001

Linear regression                               Number of obs     =      2,300
                                                F(3, 2296)        =       7.45
                                                Prob > F          =     0.0001
                                                R-squared         =     0.0110
                                                Root MSE          =      .3824

------------------------------------------------------------------------------
             |               Robust
    con_educ | Coefficient  std. err.      t    P>|t|     [95% conf. interval]
-------------+----------------------------------------------------------------
        male |
        Man  |  -.0055956   .0160254    -0.35   0.727    -.0370214    .0258302
             |
       white |
      White  |  -.0899419   .0192692    -4.67   0.000    -.1277288   -.0521549
             |
college_de~e |
Has Colle..  |   .0093363   .0166173     0.56   0.574    -.0232502    .0419228
       _cons |   .2442998   .0193322    12.64   0.000     .2063893    .2822103
------------------------------------------------------------------------------
(est1 stored)

Iteration 0:  Log pseudolikelihood =  -1084.205  
Iteration 1:  Log pseudolikelihood = -1072.2668  
Iteration 2:  Log pseudolikelihood = -1072.1098  
Iteration 3:  Log pseudolikelihood = -1072.1098  

Logistic regression                                     Number of obs =  2,300
                                                        Wald chi2(3)  =  25.31
                                                        Prob > chi2   = 0.0000
Log pseudolikelihood = -1072.1098                       Pseudo R2     = 0.0112

------------------------------------------------------------------------------
             |               Robust
    con_educ | Coefficient  std. err.      z    P>|z|     [95% conf. interval]
-------------+----------------------------------------------------------------
        male |
        Man  |  -.0384854   .1102458    -0.35   0.727    -.2545632    .1775924
             |
       white |
      White  |  -.5701247   .1146027    -4.97   0.000    -.7947419   -.3455074
             |
college_de~e |
Has Colle..  |   .0641444   .1134417     0.57   0.572    -.1581973    .2864861
       _cons |   -1.13038   .1108986   -10.19   0.000    -1.347737   -.9130222
------------------------------------------------------------------------------
(est2 stored)

Conditional marginal effects                             Number of obs = 2,300
Model VCE: Robust

Expression: Pr(con_educ), predict()
dy/dx wrt:  1.male 1.white 1.college_degree
At: 0.male           = .5486957 (mean)
    1.male           = .4513043 (mean)
    0.white          = .2752174 (mean)
    1.white          = .7247826 (mean)
    0.college_degree = .6343478 (mean)
    1.college_degree = .3656522 (mean)

------------------------------------------------------------------------------
             |            Delta-method
             |      dy/dx   std. err.      z    P>|z|     [95% conf. interval]
-------------+----------------------------------------------------------------
        male |
        Man  |  -.0055969   .0160122    -0.35   0.727    -.0369803    .0257865
             |
       white |
      White  |  -.0900201   .0192898    -4.67   0.000    -.1278273   -.0522128
             |
college_de~e |
Has Colle..  |    .009392   .0167058     0.56   0.574    -.0233508    .0421348
------------------------------------------------------------------------------
Note: dy/dx for factor levels is the discrete change from the base level.
(est3 stored)

Unexpontiated Coefficients
---------------------------------------------------------------
                      (1)              (2)              (3)    
                      OLS     MLE / logi~c     MLE margin~s    
---------------------------------------------------------------
main                                                           
1.male              -0.01            -0.04            -0.01    
                   (0.02)           (0.11)           (0.02)    
1.white             -0.09 ***        -0.57 ***        -0.09 ***
                   (0.02)           (0.11)           (0.02)    
1.college_~e         0.01             0.06             0.01    
                   (0.02)           (0.11)           (0.02)    
_cons                0.24 ***        -1.13 ***                 
                   (0.02)           (0.11)                     
---------------------------------------------------------------
N                    2300             2300             2300    
---------------------------------------------------------------
^ p<.1, * p<.05, ** p<.01, *** p<.001

Odds Ratio
---------------------------------------------------------------
                      (1)              (2)              (3)    
                      OLS     MLE / logi~c     MLE margin~s    
---------------------------------------------------------------
main                                                           
1.male               0.99             0.96             0.99    
                   (0.02)           (0.11)           (0.02)    
1.white              0.91 ***         0.57 ***         0.91 ***
                   (0.02)           (0.06)           (0.02)    
1.college_~e         1.01             1.07             1.01    
                   (0.02)           (0.12)           (0.02)    
---------------------------------------------------------------
N                    2300             2300             2300    
---------------------------------------------------------------
Exponentiated coefficients
^ p<.1, * p<.05, ** p<.01, *** p<.001
